<?xml version="1.0" encoding="UTF-8"?>
<!-- Generated by org.testng.reporters.JUnitXMLReporter -->
<testsuite hostname="VinnchenkoLI" name="Default test" tests="5" failures="0" timestamp="24 Mar 2014 07:03:19 GMT" time="16.0" errors="0">
  <testcase name="testContactCreationWithValidData" time="2.878" classname="com.example.tests.ContactCreationTests"/>
  <testcase name="testContactCreationWithValidData" time="1.713" classname="com.example.tests.ContactCreationTests"/>
  <testcase name="testContactCreationWithValidData" time="1.873" classname="com.example.tests.ContactCreationTests"/>
  <testcase name="testContactCreationWithValidData" time="1.815" classname="com.example.tests.ContactCreationTests"/>
  <testcase name="testContactCreationWithValidData" time="1.931" classname="com.example.tests.ContactCreationTests"/>
</testsuite> <!-- Default test -->
