<?xml version="1.0" encoding="UTF-8"?>
<!-- Generated by org.testng.reporters.JUnitXMLReporter -->
<testsuite hostname="VinnchenkoLI" name="Default test" tests="5" failures="0" timestamp="30 Mar 2014 05:53:16 GMT" time="14.973" errors="0">
  <testcase name="testValidGroupCreationWishValidData" time="2.601" classname="com.example.tests.GroupCreationTests"/>
  <testcase name="testValidGroupCreationWishValidData" time="1.585" classname="com.example.tests.GroupCreationTests"/>
  <testcase name="testValidGroupCreationWishValidData" time="1.737" classname="com.example.tests.GroupCreationTests"/>
  <testcase name="testValidGroupCreationWishValidData" time="1.768" classname="com.example.tests.GroupCreationTests"/>
  <testcase name="testValidGroupCreationWishValidData" time="1.842" classname="com.example.tests.GroupCreationTests"/>
</testsuite> <!-- Default test -->
