<?xml version="1.0" encoding="UTF-8"?>
<testng-results skipped="0" failed="0" total="1" passed="1">
  <reporter-output>
  </reporter-output>
  <suite name="Default suite" duration-ms="13453" started-at="2014-04-20T06:34:14Z" finished-at="2014-04-20T06:34:27Z">
    <groups>
    </groups>
    <test name="Default test" duration-ms="13453" started-at="2014-04-20T06:34:14Z" finished-at="2014-04-20T06:34:27Z">
      <class name="com.example.tests.GroupRemovalTests">
        <test-method status="PASS" signature="setUp()[pri:0, instance:com.example.tests.GroupRemovalTests@727896]" name="setUp" is-config="true" duration-ms="11310" started-at="2014-04-20T13:34:14Z" finished-at="2014-04-20T13:34:25Z">
          <reporter-output>
          </reporter-output>
        </test-method> <!-- setUp -->
        <test-method status="PASS" signature="deleteSomeGroup()[pri:0, instance:com.example.tests.GroupRemovalTests@727896]" name="deleteSomeGroup" duration-ms="1962" started-at="2014-04-20T13:34:25Z" finished-at="2014-04-20T13:34:27Z">
          <reporter-output>
          </reporter-output>
        </test-method> <!-- deleteSomeGroup -->
        <test-method status="PASS" signature="tearDown()[pri:0, instance:com.example.tests.GroupRemovalTests@727896]" name="tearDown" is-config="true" duration-ms="172" started-at="2014-04-20T13:34:27Z" finished-at="2014-04-20T13:34:27Z">
          <reporter-output>
          </reporter-output>
        </test-method> <!-- tearDown -->
      </class> <!-- com.example.tests.GroupRemovalTests -->
    </test> <!-- Default test -->
  </suite> <!-- Default suite -->
</testng-results>
